--------------------------------------------------------------------------------
Release 14.7 Trace  (nt64)
Copyright (c) 1995-2013 Xilinx, Inc.  All rights reserved.

D:\Xilinx\14.7\ISE_DS\ISE\bin\nt64\unwrapped\trce.exe -intstyle ise -v 3 -s 4
-n 3 -fastpaths -xml display.twx display.ncd -o display.twr display.pcf -ucf
display.ucf

Design file:              display.ncd
Physical constraint file: display.pcf
Device,package,speed:     xc3s100e,cp132,-4 (PRODUCTION 1.27 2013-10-13)
Report level:             verbose report

Environment Variable      Effect 
--------------------      ------ 
NONE                      No environment variables were set
--------------------------------------------------------------------------------

INFO:Timing:2698 - No timing constraints found, doing default enumeration.
INFO:Timing:3412 - To improve timing, see the Timing Closure User Guide (UG612).
INFO:Timing:2752 - To get complete path coverage, use the unconstrained paths 
   option. All paths that are not constrained will be reported in the 
   unconstrained paths section(s) of the report.
INFO:Timing:3339 - The clock-to-out numbers in this timing report are based on 
   a 50 Ohm transmission line loading model.  For the details of this model, 
   and for more information on accounting for different loading conditions, 
   please see the device datasheet.
INFO:Timing:3390 - This architecture does not support a default System Jitter 
   value, please add SYSTEM_JITTER constraint to the UCF to modify the Clock 
   Uncertainty calculation.
INFO:Timing:3389 - This architecture does not support 'Discrete Jitter' and 
   'Phase Error' calculations, these terms will be zero in the Clock 
   Uncertainty calculation.  Please make appropriate modification to 
   SYSTEM_JITTER to account for the unsupported Discrete Jitter and Phase 
   Error.



Data Sheet report:
-----------------
All values displayed in nanoseconds (ns)

Clock to Setup on destination clock clk
---------------+---------+---------+---------+---------+
               | Src:Rise| Src:Fall| Src:Rise| Src:Fall|
Source Clock   |Dest:Rise|Dest:Rise|Dest:Fall|Dest:Fall|
---------------+---------+---------+---------+---------+
clk            |    5.464|         |         |         |
---------------+---------+---------+---------+---------+

Pad to Pad
---------------+---------------+---------+
Source Pad     |Destination Pad|  Delay  |
---------------+---------------+---------+
data<0>        |sm_duan<0>     |   10.676|
data<0>        |sm_duan<1>     |   11.128|
data<0>        |sm_duan<2>     |   10.183|
data<0>        |sm_duan<3>     |   10.838|
data<0>        |sm_duan<4>     |   10.138|
data<0>        |sm_duan<5>     |   10.499|
data<0>        |sm_duan<6>     |   10.392|
data<1>        |sm_duan<0>     |   10.111|
data<1>        |sm_duan<1>     |   10.548|
data<1>        |sm_duan<2>     |    9.475|
data<1>        |sm_duan<3>     |   10.094|
data<1>        |sm_duan<4>     |    9.430|
data<1>        |sm_duan<5>     |    9.846|
data<1>        |sm_duan<6>     |    9.800|
data<2>        |sm_duan<0>     |   10.271|
data<2>        |sm_duan<1>     |   10.675|
data<2>        |sm_duan<2>     |    9.683|
data<2>        |sm_duan<3>     |   10.264|
data<2>        |sm_duan<4>     |    9.638|
data<2>        |sm_duan<5>     |    9.872|
data<2>        |sm_duan<6>     |   10.025|
data<3>        |sm_duan<0>     |    9.110|
data<3>        |sm_duan<1>     |    9.417|
data<3>        |sm_duan<2>     |    9.827|
data<3>        |sm_duan<3>     |    9.260|
data<3>        |sm_duan<4>     |    9.782|
data<3>        |sm_duan<5>     |    9.969|
data<3>        |sm_duan<6>     |    8.857|
data<4>        |sm_duan<0>     |    9.533|
data<4>        |sm_duan<1>     |    9.985|
data<4>        |sm_duan<2>     |    9.040|
data<4>        |sm_duan<3>     |    9.695|
data<4>        |sm_duan<4>     |    8.995|
data<4>        |sm_duan<5>     |    9.356|
data<4>        |sm_duan<6>     |    9.249|
data<5>        |sm_duan<0>     |   10.225|
data<5>        |sm_duan<1>     |   10.662|
data<5>        |sm_duan<2>     |    9.589|
data<5>        |sm_duan<3>     |   10.208|
data<5>        |sm_duan<4>     |    9.544|
data<5>        |sm_duan<5>     |    9.960|
data<5>        |sm_duan<6>     |    9.914|
data<6>        |sm_duan<0>     |    9.549|
data<6>        |sm_duan<1>     |    9.953|
data<6>        |sm_duan<2>     |    8.961|
data<6>        |sm_duan<3>     |    9.542|
data<6>        |sm_duan<4>     |    8.916|
data<6>        |sm_duan<5>     |    9.150|
data<6>        |sm_duan<6>     |    9.303|
data<7>        |sm_duan<0>     |    9.503|
data<7>        |sm_duan<1>     |    9.810|
data<7>        |sm_duan<2>     |   10.220|
data<7>        |sm_duan<3>     |    9.653|
data<7>        |sm_duan<4>     |   10.175|
data<7>        |sm_duan<5>     |   10.362|
data<7>        |sm_duan<6>     |    9.250|
data<8>        |sm_duan<0>     |   10.183|
data<8>        |sm_duan<1>     |   10.635|
data<8>        |sm_duan<2>     |    9.690|
data<8>        |sm_duan<3>     |   10.345|
data<8>        |sm_duan<4>     |    9.645|
data<8>        |sm_duan<5>     |   10.006|
data<8>        |sm_duan<6>     |    9.899|
data<9>        |sm_duan<0>     |    9.965|
data<9>        |sm_duan<1>     |   10.402|
data<9>        |sm_duan<2>     |    9.329|
data<9>        |sm_duan<3>     |    9.948|
data<9>        |sm_duan<4>     |    9.284|
data<9>        |sm_duan<5>     |    9.700|
data<9>        |sm_duan<6>     |    9.654|
data<10>       |sm_duan<0>     |   10.550|
data<10>       |sm_duan<1>     |   10.954|
data<10>       |sm_duan<2>     |    9.962|
data<10>       |sm_duan<3>     |   10.543|
data<10>       |sm_duan<4>     |    9.917|
data<10>       |sm_duan<5>     |   10.151|
data<10>       |sm_duan<6>     |   10.304|
data<11>       |sm_duan<0>     |    9.308|
data<11>       |sm_duan<1>     |    9.615|
data<11>       |sm_duan<2>     |   10.025|
data<11>       |sm_duan<3>     |    9.458|
data<11>       |sm_duan<4>     |    9.980|
data<11>       |sm_duan<5>     |   10.167|
data<11>       |sm_duan<6>     |    9.055|
data<12>       |sm_duan<0>     |    8.572|
data<12>       |sm_duan<1>     |    9.024|
data<12>       |sm_duan<2>     |    8.079|
data<12>       |sm_duan<3>     |    8.734|
data<12>       |sm_duan<4>     |    8.034|
data<12>       |sm_duan<5>     |    8.395|
data<12>       |sm_duan<6>     |    8.288|
data<13>       |sm_duan<0>     |    8.304|
data<13>       |sm_duan<1>     |    8.741|
data<13>       |sm_duan<2>     |    7.668|
data<13>       |sm_duan<3>     |    8.287|
data<13>       |sm_duan<4>     |    7.623|
data<13>       |sm_duan<5>     |    8.039|
data<13>       |sm_duan<6>     |    7.993|
data<14>       |sm_duan<0>     |    8.358|
data<14>       |sm_duan<1>     |    8.762|
data<14>       |sm_duan<2>     |    7.770|
data<14>       |sm_duan<3>     |    8.351|
data<14>       |sm_duan<4>     |    7.725|
data<14>       |sm_duan<5>     |    7.959|
data<14>       |sm_duan<6>     |    8.112|
data<15>       |sm_duan<0>     |    8.333|
data<15>       |sm_duan<1>     |    8.640|
data<15>       |sm_duan<2>     |    9.050|
data<15>       |sm_duan<3>     |    8.483|
data<15>       |sm_duan<4>     |    9.005|
data<15>       |sm_duan<5>     |    9.192|
data<15>       |sm_duan<6>     |    8.080|
dot<0>         |sm_duan<7>     |    8.708|
dot<1>         |sm_duan<7>     |    7.008|
dot<2>         |sm_duan<7>     |    8.433|
dot<3>         |sm_duan<7>     |    9.189|
---------------+---------------+---------+


Analysis completed Fri Nov 17 14:52:37 2017 
--------------------------------------------------------------------------------

Trace Settings:
-------------------------
Trace Settings 

Peak Memory Usage: 149 MB



