
****** PlanAhead v14.7 (64-bit)
  **** Build 321239 by xbuild on Fri Sep 27 19:29:51 MDT 2013
    ** Copyright 1986-1999, 2001-2013 Xilinx, Inc. All Rights Reserved.

INFO: [Common 17-78] Attempting to get a license: PlanAhead
INFO: [Common 17-290] Got license for PlanAhead
INFO: [Common 17-86] Your PlanAhead license expires in -286 day(s)
INFO: [Device 21-36] Loading parts and site information from D:/Xilinx/14.7/ISE_DS/PlanAhead/data/parts/arch.xml
Parsing RTL primitives file [D:/Xilinx/14.7/ISE_DS/PlanAhead/data/parts/xilinx/rtl/prims/rtl_prims.xml]
Finished parsing RTL primitives file [D:/Xilinx/14.7/ISE_DS/PlanAhead/data/parts/xilinx/rtl/prims/rtl_prims.xml]
start_gui
source D:/ISE/Comparator_Sche/pa.fromNetlist.tcl
# create_project -name Comparator_Sche -dir "D:/ISE/Comparator_Sche/planAhead_run_1" -part xc3s100ecp132-4
# set_property design_mode GateLvl [get_property srcset [current_run -impl]]
# set_property edif_top_file "D:/ISE/Comparator_Sche/Comparator_Sche.ngc" [ get_property srcset [ current_run ] ]
# add_files -norecurse { {D:/ISE/Comparator_Sche} }
# set_property target_constrs_file "Comparator_Sche.ucf" [current_fileset -constrset]
Adding file 'D:/ISE/Comparator_Sche/Comparator_Sche.ucf' to fileset 'constrs_1'
# add_files [list {Comparator_Sche.ucf}] -fileset [get_property constrset [current_run]]
# link_design
Design is defaulting to srcset: sources_1
Design is defaulting to constrset: constrs_1
Design is defaulting to project part: xc3s100ecp132-4
Release 14.7 - ngc2edif P.20131013 (nt64)
Copyright (c) 1995-2013 Xilinx, Inc.  All rights reserved.
Reading design Comparator_Sche.ngc ...
WARNING:NetListWriters:298 - No output is written to Comparator_Sche.xncf,
   ignored.
Processing design ...
   Preping design's networks ...
   Preping design's macros ...
  finished :Prep
Writing EDIF netlist file Comparator_Sche.edif ...
ngc2edif: Total memory usage is 78768 kilobytes

Parsing EDIF File [./planAhead_run_1/Comparator_Sche.data/cache/Comparator_Sche_ngc_zx.edif]
Finished Parsing EDIF File [./planAhead_run_1/Comparator_Sche.data/cache/Comparator_Sche_ngc_zx.edif]
INFO: [Designutils 20-910] Reading macro library D:/Xilinx/14.7/ISE_DS/PlanAhead/data\./parts/xilinx/spartan3e/spartan3e/hd_int_macros.edn
Parsing EDIF File [D:/Xilinx/14.7/ISE_DS/PlanAhead/data\./parts/xilinx/spartan3e/spartan3e/hd_int_macros.edn]
Finished Parsing EDIF File [D:/Xilinx/14.7/ISE_DS/PlanAhead/data\./parts/xilinx/spartan3e/spartan3e/hd_int_macros.edn]
Loading clock regions from D:/Xilinx/14.7/ISE_DS/PlanAhead/data\parts/xilinx/spartan3e/spartan3e/xc3s100e/ClockRegion.xml
Loading clock buffers from D:/Xilinx/14.7/ISE_DS/PlanAhead/data\parts/xilinx/spartan3e/spartan3e/xc3s100e/ClockBuffers.xml
Loading package from D:/Xilinx/14.7/ISE_DS/PlanAhead/data\parts/xilinx/spartan3e/spartan3e/xc3s100e/cp132/Package.xml
Loading io standards from D:/Xilinx/14.7/ISE_DS/PlanAhead/data\./parts/xilinx/spartan3e/IOStandards.xml
INFO: [Device 21-19] Loading pkg sso from D:/Xilinx/14.7/ISE_DS/PlanAhead/data\parts/xilinx/spartan3e/spartan3e/xc3s100e/cp132/SSORules.xml
Loading list of drcs for the architecture : D:/Xilinx/14.7/ISE_DS/PlanAhead/data\./parts/xilinx/spartan3e/spartan3e/drc.xml
INFO: [Timing 38-77] Reading timing library D:/Xilinx/14.7/ISE_DS/PlanAhead/data\parts/xilinx/spartan3e/spartan3e/spartan3e-4.lib.
INFO: [Timing 38-34] Done reading timing library D:/Xilinx/14.7/ISE_DS/PlanAhead/data\parts/xilinx/spartan3e/spartan3e/spartan3e-4.lib.
Parsing UCF File [D:/ISE/Comparator_Sche/Comparator_Sche.ucf]
CRITICAL WARNING: [Constraints 18-11] Could not find net or pin 'led[6]' [D:/ISE/Comparator_Sche/Comparator_Sche.ucf:9]
CRITICAL WARNING: [Constraints 18-11] Could not find net or pin 'led[5]' [D:/ISE/Comparator_Sche/Comparator_Sche.ucf:10]
CRITICAL WARNING: [Constraints 18-11] Could not find net or pin 'led[4]' [D:/ISE/Comparator_Sche/Comparator_Sche.ucf:11]
CRITICAL WARNING: [Constraints 18-11] Could not find net or pin 'led[3]' [D:/ISE/Comparator_Sche/Comparator_Sche.ucf:12]
CRITICAL WARNING: [Constraints 18-11] Could not find net or pin 'led[2]' [D:/ISE/Comparator_Sche/Comparator_Sche.ucf:13]
CRITICAL WARNING: [Constraints 18-11] Could not find net or pin 'led[0]' [D:/ISE/Comparator_Sche/Comparator_Sche.ucf:14]
CRITICAL WARNING: [Constraints 18-11] Could not find net or pin 'led[1]' [D:/ISE/Comparator_Sche/Comparator_Sche.ucf:15]
Finished Parsing UCF File [D:/ISE/Comparator_Sche/Comparator_Sche.ucf]
INFO: [Designutils 20-20] Invalid constraints found, use command 'write_ucf -constraints invalid <file>' to save all the invalid constraints to a file
INFO: [Project 1-111] Unisim Transformation Summary:
No Unisim elements were transformed.

Phase 0 | Netlist Checksum: 196c46cb
link_design: Time (s): elapsed = 00:00:10 . Memory (MB): peak = 548.582 ; gain = 131.121
exit
ERROR: [Common 17-39] 'stop_gui' failed due to earlier errors.
INFO: [Common 17-206] Exiting PlanAhead at Fri Oct 13 10:20:27 2017...
INFO: [Common 17-83] Releasing license: PlanAhead
