
****** PlanAhead v14.7 (64-bit)
  **** Build 321239 by xbuild on Fri Sep 27 19:29:51 MDT 2013
    ** Copyright 1986-1999, 2001-2013 Xilinx, Inc. All Rights Reserved.

INFO: [Common 17-78] Attempting to get a license: PlanAhead
INFO: [Common 17-290] Got license for PlanAhead
INFO: [Common 17-86] Your PlanAhead license expires in -284 day(s)
INFO: [Device 21-36] Loading parts and site information from D:/Xilinx/14.7/ISE_DS/PlanAhead/data/parts/arch.xml
Parsing RTL primitives file [D:/Xilinx/14.7/ISE_DS/PlanAhead/data/parts/xilinx/rtl/prims/rtl_prims.xml]
Finished parsing RTL primitives file [D:/Xilinx/14.7/ISE_DS/PlanAhead/data/parts/xilinx/rtl/prims/rtl_prims.xml]
start_gui
source D:/ISE/Comparator/pa.fromHdl.tcl
# create_project -name Comparator -dir "D:/ISE/Comparator/planAhead_run_1" -part xc3s100ecp132-4
# set_param project.pinAheadLayout yes
# set srcset [get_property srcset [current_run -impl]]
# set_property target_constrs_file "Comparator.ucf" [current_fileset -constrset]
Adding file 'D:/ISE/Comparator/Comparator.ucf' to fileset 'constrs_1'
# set hdlfile [add_files [list {Comparator.v}]]
# set_property file_type Verilog $hdlfile
# set_property library work $hdlfile
# set_property top Comparator $srcset
# add_files [list {Comparator.ucf}] -fileset [get_property constrset [current_run]]
# open_rtl_design -part xc3s100ecp132-4
Using Verific elaboration
Parsing VHDL file "D:/Xilinx/14.7/ISE_DS/PlanAhead/data/parts/xilinx/rtl/lib/synplify/synattr.vhd" into library synplify
Analyzing Verilog file "D:/ISE/Comparator/Comparator.v" into library work
INFO: [Designutils 20-910] Reading macro library D:/Xilinx/14.7/ISE_DS/PlanAhead/data\./parts/xilinx/spartan3e/spartan3e/hd_int_macros.edn
Parsing EDIF File [D:/Xilinx/14.7/ISE_DS/PlanAhead/data\./parts/xilinx/spartan3e/spartan3e/hd_int_macros.edn]
Finished Parsing EDIF File [D:/Xilinx/14.7/ISE_DS/PlanAhead/data\./parts/xilinx/spartan3e/spartan3e/hd_int_macros.edn]
Loading clock regions from D:/Xilinx/14.7/ISE_DS/PlanAhead/data\parts/xilinx/spartan3e/spartan3e/xc3s100e/ClockRegion.xml
Loading clock buffers from D:/Xilinx/14.7/ISE_DS/PlanAhead/data\parts/xilinx/spartan3e/spartan3e/xc3s100e/ClockBuffers.xml
Loading package from D:/Xilinx/14.7/ISE_DS/PlanAhead/data\parts/xilinx/spartan3e/spartan3e/xc3s100e/cp132/Package.xml
Loading io standards from D:/Xilinx/14.7/ISE_DS/PlanAhead/data\./parts/xilinx/spartan3e/IOStandards.xml
INFO: [Device 21-19] Loading pkg sso from D:/Xilinx/14.7/ISE_DS/PlanAhead/data\parts/xilinx/spartan3e/spartan3e/xc3s100e/cp132/SSORules.xml
Loading list of drcs for the architecture : D:/Xilinx/14.7/ISE_DS/PlanAhead/data\./parts/xilinx/spartan3e/spartan3e/drc.xml
INFO: [Timing 38-77] Reading timing library D:/Xilinx/14.7/ISE_DS/PlanAhead/data\parts/xilinx/spartan3e/spartan3e/spartan3e-4.lib.
INFO: [Timing 38-34] Done reading timing library D:/Xilinx/14.7/ISE_DS/PlanAhead/data\parts/xilinx/spartan3e/spartan3e/spartan3e-4.lib.
Parsing UCF File [D:/ISE/Comparator/Comparator.ucf]
Finished Parsing UCF File [D:/ISE/Comparator/Comparator.ucf]
INFO: [Project 1-111] Unisim Transformation Summary:
No Unisim elements were transformed.

Phase 0 | Netlist Checksum: 08448110
open_rtl_design: Time (s): elapsed = 00:00:05 . Memory (MB): peak = 543.434 ; gain = 126.371
update_compile_order -fileset sim_1
startgroup
set_property package_pin N3 [get_ports {A[3]}]
endgroup
startgroup
set_property package_pin E2 [get_ports {A[2]}]
endgroup
startgroup
set_property package_pin F3 [get_ports {A[1]}]
endgroup
startgroup
set_property package_pin G3 [get_ports {A[0]}]
endgroup
startgroup
set_property package_pin B4 [get_ports {B[3]}]
endgroup
startgroup
set_property package_pin K3 [get_ports {B[2]}]
endgroup
startgroup
set_property package_pin L3 [get_ports {B[1]}]
endgroup
startgroup
set_property package_pin P11 [get_ports {B[0]}]
endgroup
startgroup
set_property package_pin L14 [get_ports {led[6]}]
endgroup
startgroup
set_property package_pin H12 [get_ports {led[5]}]
endgroup
startgroup
set_property package_pin N14 [get_ports {led[4]}]
endgroup
startgroup
set_property package_pin N11 [get_ports {led[3]}]
endgroup
startgroup
set_property package_pin P12 [get_ports {led[2]}]
endgroup
startgroup
set_property package_pin L13 [get_ports {led[1]}]
endgroup
save_constraints
startgroup
set_property package_pin M12 [get_ports {led[0]}]
endgroup
set_property is_loc_fixed false [get_ports [list  {led[1]}]]
set_property is_loc_fixed true [get_ports [list  {led[1]}]]
save_constraints
exit
ERROR: [Common 17-39] 'stop_gui' failed due to earlier errors.
INFO: [Common 17-206] Exiting PlanAhead at Wed Oct 11 10:29:39 2017...
INFO: [Common 17-83] Releasing license: PlanAhead
