#-----------------------------------------------------------
# PlanAhead v14.7 (64-bit)
# Build 321239 by xbuild on Fri Sep 27 19:29:51 MDT 2013
# Start of session at: Fri Nov 17 09:16:30 2017
# Process ID: 5056
# Log file: D:/ISE/taximeter_3/planAhead_run_1/planAhead.log
# Journal file: D:/ISE/taximeter_3/planAhead_run_1/planAhead.jou
#-----------------------------------------------------------
INFO: [Common 17-78] Attempting to get a license: PlanAhead
INFO: [Common 17-290] Got license for PlanAhead
INFO: [Common 17-86] Your PlanAhead license expires in -321 day(s)
INFO: [Device 21-36] Loading parts and site information from D:/Xilinx/14.7/ISE_DS/PlanAhead/data/parts/arch.xml
Parsing RTL primitives file [D:/Xilinx/14.7/ISE_DS/PlanAhead/data/parts/xilinx/rtl/prims/rtl_prims.xml]
Finished parsing RTL primitives file [D:/Xilinx/14.7/ISE_DS/PlanAhead/data/parts/xilinx/rtl/prims/rtl_prims.xml]
start_gui
source D:/ISE/taximeter_3/pa.fromNetlist.tcl
# create_project -name taximeter_3 -dir "D:/ISE/taximeter_3/planAhead_run_1" -part xc3s100ecp132-4
# set_property design_mode GateLvl [get_property srcset [current_run -impl]]
# set_property edif_top_file "D:/ISE/taximeter_3/taximeter_3.ngc" [ get_property srcset [ current_run ] ]
# add_files -norecurse { {D:/ISE/taximeter_3} }
# set_property target_constrs_file "taximeter_3.ucf" [current_fileset -constrset]
Adding file 'D:/ISE/taximeter_3/taximeter_3.ucf' to fileset 'constrs_1'
# add_files [list {taximeter_3.ucf}] -fileset [get_property constrset [current_run]]
# link_design
Design is defaulting to srcset: sources_1
Design is defaulting to constrset: constrs_1
Design is defaulting to project part: xc3s100ecp132-4
Release 14.7 - ngc2edif P.20131013 (nt64)
Copyright (c) 1995-2013 Xilinx, Inc.  All rights reserved.
Reading design taximeter_3.ngc ...
WARNING:NetListWriters:298 - No output is written to taximeter_3.xncf, ignored.
Processing design ...
   Preping design's networks ...
   Preping design's macros ...
WARNING:NetListWriters:306 - Signal bus Mcompar_price_cmp_lt0000_lut<6 : 0> on
   block taximeter_3 is not reconstructed, because there are some missing bus
   signals.
WARNING:NetListWriters:306 - Signal bus Msub_price_addsub0001_lut<16 : 2> on
   block taximeter_3 is not reconstructed, because there are some missing bus
   signals.
  finished :Prep
Writing EDIF netlist file taximeter_3.edif ...
ngc2edif: Total memory usage is 79344 kilobytes

Parsing EDIF File [./planAhead_run_1/taximeter_3.data/cache/taximeter_3_ngc_zx.edif]
Finished Parsing EDIF File [./planAhead_run_1/taximeter_3.data/cache/taximeter_3_ngc_zx.edif]
INFO: [Designutils 20-910] Reading macro library D:/Xilinx/14.7/ISE_DS/PlanAhead/data\./parts/xilinx/spartan3e/spartan3e/hd_int_macros.edn
Parsing EDIF File [D:/Xilinx/14.7/ISE_DS/PlanAhead/data\./parts/xilinx/spartan3e/spartan3e/hd_int_macros.edn]
Finished Parsing EDIF File [D:/Xilinx/14.7/ISE_DS/PlanAhead/data\./parts/xilinx/spartan3e/spartan3e/hd_int_macros.edn]
Loading clock regions from D:/Xilinx/14.7/ISE_DS/PlanAhead/data\parts/xilinx/spartan3e/spartan3e/xc3s100e/ClockRegion.xml
Loading clock buffers from D:/Xilinx/14.7/ISE_DS/PlanAhead/data\parts/xilinx/spartan3e/spartan3e/xc3s100e/ClockBuffers.xml
Loading package from D:/Xilinx/14.7/ISE_DS/PlanAhead/data\parts/xilinx/spartan3e/spartan3e/xc3s100e/cp132/Package.xml
Loading io standards from D:/Xilinx/14.7/ISE_DS/PlanAhead/data\./parts/xilinx/spartan3e/IOStandards.xml
INFO: [Device 21-19] Loading pkg sso from D:/Xilinx/14.7/ISE_DS/PlanAhead/data\parts/xilinx/spartan3e/spartan3e/xc3s100e/cp132/SSORules.xml
Loading list of drcs for the architecture : D:/Xilinx/14.7/ISE_DS/PlanAhead/data\./parts/xilinx/spartan3e/spartan3e/drc.xml
INFO: [Timing 38-77] Reading timing library D:/Xilinx/14.7/ISE_DS/PlanAhead/data\parts/xilinx/spartan3e/spartan3e/spartan3e-4.lib.
INFO: [Timing 38-34] Done reading timing library D:/Xilinx/14.7/ISE_DS/PlanAhead/data\parts/xilinx/spartan3e/spartan3e/spartan3e-4.lib.
Parsing UCF File [D:/ISE/taximeter_3/taximeter_3.ucf]
WARNING: [Constraints 18-7] Clock terminal mode_ctrl is located on a non-clock IO location C11 this can produce sub-optimal results [D:/ISE/taximeter_3/taximeter_3.ucf:10]
Finished Parsing UCF File [D:/ISE/taximeter_3/taximeter_3.ucf]
INFO: [Project 1-111] Unisim Transformation Summary:
No Unisim elements were transformed.

Phase 0 | Netlist Checksum: 953ec728
link_design: Time (s): elapsed = 00:00:12 . Memory (MB): peak = 558.586 ; gain = 153.324
exit
ERROR: [PlanAhead 12-106] *** Exception: ui.h.b: Found deleted key in HTclEventBroker. Verify if the classes listed here call cleanup()
HTclEvent: SIGNAL_BUS_MODIFY   Classes: ui.views.aR 
HTclEvent: DEBUG_CORE_CONFIG_CHANGE   Classes: ui.views.aR 
HTclEvent: DEBUG_PORT_CONFIG_CHANGE   Classes: ui.views.aR 
HTclEvent: SIGNAL_MODIFY   Classes: ui.views.aR 
 (See D:/ISE/taximeter_3\planAhead_pid5056.debug)
ERROR: [Common 17-39] 'stop_gui' failed due to earlier errors.
INFO: [Common 17-206] Exiting PlanAhead at Fri Nov 17 09:17:37 2017...
INFO: [Common 17-83] Releasing license: PlanAhead
