
****** PlanAhead v14.7 (64-bit)
  **** Build 321239 by xbuild on Fri Sep 27 19:29:51 MDT 2013
    ** Copyright 1986-1999, 2001-2013 Xilinx, Inc. All Rights Reserved.

INFO: [Common 17-78] Attempting to get a license: PlanAhead
INFO: [Common 17-290] Got license for PlanAhead
INFO: [Common 17-86] Your PlanAhead license expires in -301 day(s)
INFO: [Device 21-36] Loading parts and site information from D:/Xilinx/14.7/ISE_DS/PlanAhead/data/parts/arch.xml
Parsing RTL primitives file [D:/Xilinx/14.7/ISE_DS/PlanAhead/data/parts/xilinx/rtl/prims/rtl_prims.xml]
Finished parsing RTL primitives file [D:/Xilinx/14.7/ISE_DS/PlanAhead/data/parts/xilinx/rtl/prims/rtl_prims.xml]
start_gui
source D:/ISE/vending_asychronous_Sche/pa.fromNetlist.tcl
# create_project -name vending_asychronous_Sche -dir "D:/ISE/vending_asychronous_Sche/planAhead_run_3" -part xc3s100ecp132-4
# set_property design_mode GateLvl [get_property srcset [current_run -impl]]
# set_property edif_top_file "D:/ISE/vending_asychronous_Sche/vending_asychronous_Sche.ngc" [ get_property srcset [ current_run ] ]
# add_files -norecurse { {D:/ISE/vending_asychronous_Sche} }
# set_property target_constrs_file "vending_asychronous.ucf" [current_fileset -constrset]
INFO: [Common 17-41] Interrupt caught. Command should exit soon.
Adding file 'D:/ISE/vending_asychronous_Sche/vending_asychronous.ucf' to fileset 'constrs_1'
INFO: [Common 17-344] 'source' was cancelled
exit
ERROR: [Common 17-39] 'stop_gui' failed due to earlier errors.
INFO: [Common 17-206] Exiting PlanAhead at Sat Oct 28 21:31:01 2017...
INFO: [Common 17-83] Releasing license: PlanAhead
