Release 14.7 - xst P.20131013 (nt64)
Copyright (c) 1995-2013 Xilinx, Inc.  All rights reserved.
--> Parameter TMPDIR set to xst/projnav.tmp


Total REAL time to Xst completion: 0.00 secs
Total CPU time to Xst completion: 0.08 secs
 
--> Parameter xsthdpdir set to xst


Total REAL time to Xst completion: 0.00 secs
Total CPU time to Xst completion: 0.08 secs
 
--> Reading design: display.prj

TABLE OF CONTENTS
  1) Synthesis Options Summary
  2) HDL Compilation
  3) Design Hierarchy Analysis
  4) HDL Analysis
  5) HDL Synthesis
     5.1) HDL Synthesis Report
  6) Advanced HDL Synthesis
     6.1) Advanced HDL Synthesis Report
  7) Low Level Synthesis
  8) Partition Report
  9) Final Report
	9.1) Device utilization summary
	9.2) Partition Resource Summary
	9.3) TIMING REPORT


=========================================================================
*                      Synthesis Options Summary                        *
=========================================================================
---- Source Parameters
Input File Name                    : "display.prj"
Input Format                       : mixed
Ignore Synthesis Constraint File   : NO

---- Target Parameters
Output File Name                   : "display"
Output Format                      : NGC
Target Device                      : xc3s100e-4-cp132

---- Source Options
Top Module Name                    : display
Automatic FSM Extraction           : YES
FSM Encoding Algorithm             : Auto
Safe Implementation                : No
FSM Style                          : LUT
RAM Extraction                     : Yes
RAM Style                          : Auto
ROM Extraction                     : Yes
Mux Style                          : Auto
Decoder Extraction                 : YES
Priority Encoder Extraction        : Yes
Shift Register Extraction          : YES
Logical Shifter Extraction         : YES
XOR Collapsing                     : YES
ROM Style                          : Auto
Mux Extraction                     : Yes
Resource Sharing                   : YES
Asynchronous To Synchronous        : NO
Multiplier Style                   : Auto
Automatic Register Balancing       : No

---- Target Options
Add IO Buffers                     : YES
Global Maximum Fanout              : 500
Add Generic Clock Buffer(BUFG)     : 24
Register Duplication               : YES
Slice Packing                      : YES
Optimize Instantiated Primitives   : NO
Use Clock Enable                   : Yes
Use Synchronous Set                : Yes
Use Synchronous Reset              : Yes
Pack IO Registers into IOBs        : Auto
Equivalent register Removal        : YES

---- General Options
Optimization Goal                  : Speed
Optimization Effort                : 1
Keep Hierarchy                     : No
Netlist Hierarchy                  : As_Optimized
RTL Output                         : Yes
Global Optimization                : AllClockNets
Read Cores                         : YES
Write Timing Constraints           : NO
Cross Clock Analysis               : NO
Hierarchy Separator                : /
Bus Delimiter                      : <>
Case Specifier                     : Maintain
Slice Utilization Ratio            : 100
BRAM Utilization Ratio             : 100
Verilog 2001                       : YES
Auto BRAM Packing                  : NO
Slice Utilization Ratio Delta      : 5

=========================================================================


=========================================================================
*                          HDL Compilation                              *
=========================================================================
Compiling verilog file "display.v" in library work
Module <display> compiled
No errors in compilation
Analysis of file <"display.prj"> succeeded.
 

=========================================================================
*                     Design Hierarchy Analysis                         *
=========================================================================
Analyzing hierarchy for module <display> in library <work>.


=========================================================================
*                            HDL Analysis                               *
=========================================================================
Analyzing top module <display>.
WARNING:Xst:905 - "display.v" line 41: One or more signals are missing in the sensitivity list of always block. To enable synthesis of FPGA/CPLD hardware, XST will assume that all necessary signals are present in the sensitivity list. Please note that the result of the synthesis may differ from the initial design specification. The missing signals are:
   <data3>, <data2>, <data1>, <data0>, <dot0>, <data7>, <data6>, <data5>, <data4>, <dot1>, <data11>, <data10>, <data9>, <data8>, <dot2>, <data15>, <data14>, <data13>, <data12>, <dot3>
Module <display> is correct for synthesis.
 

=========================================================================
*                           HDL Synthesis                               *
=========================================================================

Performing bidirectional port resolution...

Synthesizing Unit <display>.
    Related source file is "display.v".
    Found 4-bit register for signal <wei_ctrl>.
    Summary:
	inferred   4 D-type flip-flop(s).
Unit <display> synthesized.


=========================================================================
HDL Synthesis Report

Macro Statistics
# Registers                                            : 1
 4-bit register                                        : 1

=========================================================================

=========================================================================
*                       Advanced HDL Synthesis                          *
=========================================================================


=========================================================================
Advanced HDL Synthesis Report

Macro Statistics
# Registers                                            : 4
 Flip-Flops                                            : 4

=========================================================================

=========================================================================
*                         Low Level Synthesis                           *
=========================================================================

Optimizing unit <display> ...

Mapping all equations...
Building and optimizing final netlist ...
Found area constraint ratio of 100 (+ 5) on block display, actual ratio is 1.

Final Macro Processing ...

=========================================================================
Final Register Report

Macro Statistics
# Registers                                            : 4
 Flip-Flops                                            : 4

=========================================================================

=========================================================================
*                           Partition Report                            *
=========================================================================

Partition Implementation Status
-------------------------------

  No Partitions were found in this design.

-------------------------------

=========================================================================
*                            Final Report                               *
=========================================================================
Final Results
RTL Top Level Output File Name     : display.ngr
Top Level Output File Name         : display
Output Format                      : NGC
Optimization Goal                  : Speed
Keep Hierarchy                     : No

Design Statistics
# IOs                              : 33

Cell Usage :
# BELS                             : 26
#      GND                         : 1
#      LUT3                        : 9
#      LUT4                        : 16
# FlipFlops/Latches                : 4
#      FD                          : 4
# Clock Buffers                    : 1
#      BUFGP                       : 1
# IO Buffers                       : 32
#      IBUF                        : 20
#      OBUF                        : 12
=========================================================================

Device utilization summary:
---------------------------

Selected Device : 3s100ecp132-4 

 Number of Slices:                       14  out of    960     1%  
 Number of Slice Flip Flops:              4  out of   1920     0%  
 Number of 4 input LUTs:                 25  out of   1920     1%  
 Number of IOs:                          33
 Number of bonded IOBs:                  33  out of     83    39%  
 Number of GCLKs:                         1  out of     24     4%  

---------------------------
Partition Resource Summary:
---------------------------

  No Partitions were found in this design.

---------------------------


=========================================================================
TIMING REPORT

NOTE: THESE TIMING NUMBERS ARE ONLY A SYNTHESIS ESTIMATE.
      FOR ACCURATE TIMING INFORMATION PLEASE REFER TO THE TRACE REPORT
      GENERATED AFTER PLACE-and-ROUTE.

Clock Information:
------------------
-----------------------------------+------------------------+-------+
Clock Signal                       | Clock buffer(FF name)  | Load  |
-----------------------------------+------------------------+-------+
clk_200Hz                          | BUFGP                  | 4     |
-----------------------------------+------------------------+-------+

Asynchronous Control Signals Information:
----------------------------------------
No asynchronous control signals found in this design

Timing Summary:
---------------
Speed Grade: -4

   Minimum period: 1.607ns (Maximum Frequency: 622.278MHz)
   Minimum input arrival time before clock: No path found
   Maximum output required time after clock: 10.087ns
   Maximum combinational path delay: 9.083ns

Timing Detail:
--------------
All values displayed in nanoseconds (ns)

=========================================================================
Timing constraint: Default period analysis for Clock 'clk_200Hz'
  Clock period: 1.607ns (frequency: 622.278MHz)
  Total number of paths / destination ports: 4 / 4
-------------------------------------------------------------------------
Delay:               1.607ns (Levels of Logic = 0)
  Source:            wei_ctrl_3 (FF)
  Destination:       wei_ctrl_0 (FF)
  Source Clock:      clk_200Hz rising
  Destination Clock: clk_200Hz rising

  Data Path: wei_ctrl_3 to wei_ctrl_0
                                Gate     Net
    Cell:in->out      fanout   Delay   Delay  Logical Name (Net Name)
    ----------------------------------------  ------------
     FD:C->Q               7   0.591   0.708  wei_ctrl_3 (wei_ctrl_3)
     FD:D                      0.308          wei_ctrl_0
    ----------------------------------------
    Total                      1.607ns (0.899ns logic, 0.708ns route)
                                       (55.9% logic, 44.1% route)

=========================================================================
Timing constraint: Default OFFSET OUT AFTER for Clock 'clk_200Hz'
  Total number of paths / destination ports: 496 / 11
-------------------------------------------------------------------------
Offset:              10.087ns (Levels of Logic = 5)
  Source:            wei_ctrl_0 (FF)
  Destination:       sm_duan<7> (PAD)
  Source Clock:      clk_200Hz rising

  Data Path: wei_ctrl_0 to sm_duan<7>
                                Gate     Net
    Cell:in->out      fanout   Delay   Delay  Logical Name (Net Name)
    ----------------------------------------  ------------
     FD:C->Q               7   0.591   0.883  wei_ctrl_0 (wei_ctrl_0)
     LUT4:I0->O            4   0.704   0.666  duan_and000021 (N11)
     LUT4:I1->O            1   0.704   0.595  duan_ctrl<3>12 (duan_ctrl<3>12)
     LUT4:I0->O            6   0.704   0.844  duan_ctrl<3>15 (duan_ctrl<3>)
     LUT3:I0->O            1   0.704   0.420  duan<7>1 (sm_duan_7_OBUF)
     OBUF:I->O                 3.272          sm_duan_7_OBUF (sm_duan<7>)
    ----------------------------------------
    Total                     10.087ns (6.679ns logic, 3.408ns route)
                                       (66.2% logic, 33.8% route)

=========================================================================
Timing constraint: Default path analysis
  Total number of paths / destination ports: 132 / 7
-------------------------------------------------------------------------
Delay:               9.083ns (Levels of Logic = 5)
  Source:            dot2 (PAD)
  Destination:       sm_duan<3> (PAD)

  Data Path: dot2 to sm_duan<3>
                                Gate     Net
    Cell:in->out      fanout   Delay   Delay  Logical Name (Net Name)
    ----------------------------------------  ------------
     IBUF:I->O             1   1.218   0.595  dot2_IBUF (dot2_IBUF)
     LUT3:I0->O            1   0.704   0.595  duan_and00006 (duan_and00006)
     LUT4:I0->O            6   0.704   0.844  duan_and000044 (duan_and0000)
     LUT4:I0->O            2   0.704   0.447  sm_duan<3>1 (sm_duan_3_OBUF)
     OBUF:I->O                 3.272          sm_duan_3_OBUF (sm_duan<3>)
    ----------------------------------------
    Total                      9.083ns (6.602ns logic, 2.481ns route)
                                       (72.7% logic, 27.3% route)

=========================================================================


Total REAL time to Xst completion: 4.00 secs
Total CPU time to Xst completion: 4.51 secs
 
--> 

Total memory usage is 251408 kilobytes

Number of errors   :    0 (   0 filtered)
Number of warnings :    1 (   0 filtered)
Number of infos    :    0 (   0 filtered)

