Release 14.7 Map P.20131013 (nt64)
Xilinx Mapping Report File for Design 'stopwatch_sportsman_Sche'

Design Information
------------------
Command Line   : map -intstyle ise -p xc3s100e-cp132-4 -cm area -ir off -pr off
-c 100 -o stopwatch_sportsman_Sche_map.ncd stopwatch_sportsman_Sche.ngd
stopwatch_sportsman_Sche.pcf 
Target Device  : xc3s100e
Target Package : cp132
Target Speed   : -4
Mapper Version : spartan3e -- $Revision: 1.55 $
Mapped Date    : Fri Nov 24 10:03:23 2017

Design Summary
--------------
Number of errors:      0
Number of warnings:   10
Logic Utilization:
  Number of Slice Flip Flops:            55 out of   1,920    2%
  Number of 4 input LUTs:                94 out of   1,920    4%
Logic Distribution:
  Number of occupied Slices:             63 out of     960    6%
    Number of Slices containing only related logic:      63 out of      63 100%
    Number of Slices containing unrelated logic:          0 out of      63   0%
      *See NOTES below for an explanation of the effects of unrelated logic.
  Total Number of 4 input LUTs:          94 out of   1,920    4%
  Number of bonded IOBs:                 29 out of      83   34%
  Number of BUFGMUXs:                     1 out of      24    4%

  Number of RPM macros:           11
Average Fanout of Non-Clock Nets:                3.63

Peak Memory Usage:  248 MB
Total REAL time to MAP completion:  1 secs 
Total CPU time to MAP completion:   1 secs 

NOTES:

   Related logic is defined as being logic that shares connectivity - e.g. two
   LUTs are "related" if they share common inputs.  When assembling slices,
   Map gives priority to combine logic that is related.  Doing so results in
   the best timing performance.

   Unrelated logic shares no connectivity.  Map will only begin packing
   unrelated logic into a slice once 99% of the slices are occupied through
   related logic packing.

   Note that once logic distribution reaches the 99% level through related
   logic packing, this does not mean the device is completely utilized.
   Unrelated logic packing will then begin, continuing until all usable LUTs
   and FFs are occupied.  Depending on your timing budget, increased levels of
   unrelated logic packing may adversely affect the overall timing performance
   of your design.

Table of Contents
-----------------
Section 1 - Errors
Section 2 - Warnings
Section 3 - Informational
Section 4 - Removed Logic Summary
Section 5 - Removed Logic
Section 6 - IOB Properties
Section 7 - RPMs
Section 8 - Guide Report
Section 9 - Area Group and Partition Summary
Section 10 - Timing Report
Section 11 - Configuration String Information
Section 12 - Control Set Information
Section 13 - Utilization by Hierarchy

Section 1 - Errors
------------------

Section 2 - Warnings
--------------------
WARNING:Security:42 - Your software subscription period has lapsed. Your current
version of Xilinx tools will continue to function, but you no longer qualify for
Xilinx software updates or new releases.
WARNING:PhysDesignRules:372 - Gated clock. Clock net CE1 is sourced by a
   combinatorial pin. This is not good design practice. Use the CE pin to
   control the loading of data into the flip-flop.
WARNING:PhysDesignRules:372 - Gated clock. Clock net CE2 is sourced by a
   combinatorial pin. This is not good design practice. Use the CE pin to
   control the loading of data into the flip-flop.
WARNING:PhysDesignRules:372 - Gated clock. Clock net CE3 is sourced by a
   combinatorial pin. This is not good design practice. Use the CE pin to
   control the loading of data into the flip-flop.
WARNING:PhysDesignRules:372 - Gated clock. Clock net clk_OBUF is sourced by a
   combinatorial pin. This is not good design practice. Use the CE pin to
   control the loading of data into the flip-flop.
WARNING:PhysDesignRules:372 - Gated clock. Clock net XLXI_172/XLXN_10 is sourced
   by a combinatorial pin. This is not good design practice. Use the CE pin to
   control the loading of data into the flip-flop.
WARNING:PhysDesignRules:372 - Gated clock. Clock net XLXI_172/clk_10Hz_DUMMY is
   sourced by a combinatorial pin. This is not good design practice. Use the CE
   pin to control the loading of data into the flip-flop.
WARNING:PhysDesignRules:372 - Gated clock. Clock net XLXI_172/XLXN_8 is sourced
   by a combinatorial pin. This is not good design practice. Use the CE pin to
   control the loading of data into the flip-flop.
WARNING:PhysDesignRules:372 - Gated clock. Clock net XLXI_172/XLXN_9 is sourced
   by a combinatorial pin. This is not good design practice. Use the CE pin to
   control the loading of data into the flip-flop.
WARNING:PhysDesignRules:372 - Gated clock. Clock net XLXI_172/XLXN_36 is sourced
   by a combinatorial pin. This is not good design practice. Use the CE pin to
   control the loading of data into the flip-flop.
WARNING:PhysDesignRules:372 - Gated clock. Clock net XLXN_1186 is sourced by a
   combinatorial pin. This is not good design practice. Use the CE pin to
   control the loading of data into the flip-flop.

Section 3 - Informational
-------------------------
INFO:Security:54 - 'xc3s100e' is a WebPack part.
INFO:MapLib:562 - No environment variables are currently set.
INFO:LIT:244 - All of the single ended outputs in this design are using slew
   rate limited output drivers. The delay on speed critical single ended outputs
   can be dramatically reduced by designating them as fast outputs.

Section 4 - Removed Logic Summary
---------------------------------
   8 block(s) removed
  30 block(s) optimized away
   4 signal(s) removed

Section 5 - Removed Logic
-------------------------

The trimmed logic report below shows the logic removed from your design due to
sourceless or loadless signals, and VCC or ground connections.  If the removal
of a signal or symbol results in the subsequent removal of an additional signal
or symbol, the message explaining that second removal will be indented.  This
indentation will be repeated as a chain of related logic is removed.

To quickly locate the original cause for the removal of a chain of logic, look
above the place where that logic is listed in the trimming report, then locate
the lines that are least indented (begin at the leftmost edge).

Loadless block "XLXI_293/XLXI_24/XLXI_31" (OR) removed.
 The signal "XLXI_293/XLXI_24/XLXN_81" is loadless and has been removed.
  Loadless block "XLXI_293/XLXI_24/XLXI_15" (BUF) removed.
Loadless block "XLXI_294/XLXI_24/XLXI_31" (OR) removed.
 The signal "XLXI_294/XLXI_24/XLXN_81" is loadless and has been removed.
  Loadless block "XLXI_294/XLXI_24/XLXI_15" (BUF) removed.
Loadless block "XLXI_295/XLXI_24/XLXI_31" (OR) removed.
 The signal "XLXI_295/XLXI_24/XLXN_81" is loadless and has been removed.
  Loadless block "XLXI_295/XLXI_24/XLXI_15" (BUF) removed.
Loadless block "XLXI_296/XLXI_24/XLXI_31" (OR) removed.
 The signal "XLXI_296/XLXI_24/XLXN_81" is loadless and has been removed.
  Loadless block "XLXI_296/XLXI_24/XLXI_15" (BUF) removed.

Optimized Block(s):
TYPE 		BLOCK
AND3B1 		XLXI_278/I_36_40
AND2B1 		XLXI_278/I_36_43
AND3B1 		XLXI_282/I_36_40
AND2B1 		XLXI_282/I_36_43
AND3B1 		XLXI_289/I_36_40
AND2B1 		XLXI_289/I_36_43
NOR2 		XLXI_293/XLXI_24/XLXI_11
AND2 		XLXI_293/XLXI_24/XLXI_37/I_36_7
AND2 		XLXI_293/XLXI_24/XLXI_38/I_36_7
AND2 		XLXI_293/XLXI_24/XLXI_39/I_36_7
AND2 		XLXI_293/XLXI_24/XLXI_40/I_36_7
VCC 		XLXI_293/XLXI_31
GND 		XLXI_293/XLXI_32
NOR2 		XLXI_294/XLXI_24/XLXI_11
AND2 		XLXI_294/XLXI_24/XLXI_37/I_36_7
AND2 		XLXI_294/XLXI_24/XLXI_38/I_36_7
AND2 		XLXI_294/XLXI_24/XLXI_39/I_36_7
AND2 		XLXI_294/XLXI_24/XLXI_40/I_36_7
NOR2 		XLXI_295/XLXI_24/XLXI_11
AND2 		XLXI_295/XLXI_24/XLXI_37/I_36_7
AND2 		XLXI_295/XLXI_24/XLXI_38/I_36_7
AND2 		XLXI_295/XLXI_24/XLXI_39/I_36_7
AND2 		XLXI_295/XLXI_24/XLXI_40/I_36_7
NOR2 		XLXI_296/XLXI_24/XLXI_11
AND2 		XLXI_296/XLXI_24/XLXI_37/I_36_7
AND2 		XLXI_296/XLXI_24/XLXI_38/I_36_7
AND2 		XLXI_296/XLXI_24/XLXI_39/I_36_7
AND2 		XLXI_296/XLXI_24/XLXI_40/I_36_7
AND3B1 		XLXI_325/I_36_40
AND2B1 		XLXI_325/I_36_43

To enable printing of redundant blocks removed and signals merged, set the
detailed map report option and rerun map.

Section 6 - IOB Properties
--------------------------

+---------------------------------------------------------------------------------------------------------------------------------------------------------+
| IOB Name                           | Type             | Direction | IO Standard          | Diff  | Drive    | Slew | Reg (s)      | Resistor | IOB      |
|                                    |                  |           |                      | Term  | Strength | Rate |              |          | Delay    |
+---------------------------------------------------------------------------------------------------------------------------------------------------------+
| CE0                                | IOB              | OUTPUT    | LVCMOS25             |       | 12       | SLOW |              |          | 0 / 0    |
| XLXN_1136                          | IOB              | OUTPUT    | LVCMOS25             |       | 12       | SLOW |              |          | 0 / 0    |
| clk                                | IOB              | OUTPUT    | LVCMOS25             |       | 12       | SLOW |              |          | 0 / 0    |
| clk_50MHz                          | IBUF             | INPUT     | LVCMOS25             |       |          |      |              |          | 0 / 0    |
| data0                              | IOB              | OUTPUT    | LVCMOS25             |       | 12       | SLOW |              |          | 0 / 0    |
| data1                              | IOB              | OUTPUT    | LVCMOS25             |       | 12       | SLOW |              |          | 0 / 0    |
| data2                              | IOB              | OUTPUT    | LVCMOS25             |       | 12       | SLOW |              |          | 0 / 0    |
| data3                              | IOB              | OUTPUT    | LVCMOS25             |       | 12       | SLOW |              |          | 0 / 0    |
| data4                              | IOB              | OUTPUT    | LVCMOS25             |       | 12       | SLOW |              |          | 0 / 0    |
| data7                              | IOB              | OUTPUT    | LVCMOS25             |       | 12       | SLOW |              |          | 0 / 0    |
| data9                              | IOB              | OUTPUT    | LVCMOS25             |       | 12       | SLOW |              |          | 0 / 0    |
| data12                             | IOB              | OUTPUT    | LVCMOS25             |       | 12       | SLOW |              |          | 0 / 0    |
| foul                               | IOB              | OUTPUT    | LVCMOS25             |       | 12       | SLOW |              |          | 0 / 0    |
| judge                              | IBUF             | INPUT     | LVCMOS25             |       |          |      |              |          | 0 / 0    |
| reset                              | IBUF             | INPUT     | LVCMOS25             |       |          |      |              |          | 0 / 0    |
| sm_duan<0>                         | IOB              | OUTPUT    | LVCMOS25             |       | 12       | SLOW |              |          | 0 / 0    |
| sm_duan<1>                         | IOB              | OUTPUT    | LVCMOS25             |       | 12       | SLOW |              |          | 0 / 0    |
| sm_duan<2>                         | IOB              | OUTPUT    | LVCMOS25             |       | 12       | SLOW |              |          | 0 / 0    |
| sm_duan<3>                         | IOB              | OUTPUT    | LVCMOS25             |       | 12       | SLOW |              |          | 0 / 0    |
| sm_duan<4>                         | IOB              | OUTPUT    | LVCMOS25             |       | 12       | SLOW |              |          | 0 / 0    |
| sm_duan<5>                         | IOB              | OUTPUT    | LVCMOS25             |       | 12       | SLOW |              |          | 0 / 0    |
| sm_duan<6>                         | IOB              | OUTPUT    | LVCMOS25             |       | 12       | SLOW |              |          | 0 / 0    |
| sm_duan<7>                         | IOB              | OUTPUT    | LVCMOS25             |       | 12       | SLOW |              |          | 0 / 0    |
| sm_wei<0>                          | IOB              | OUTPUT    | LVCMOS25             |       | 12       | SLOW |              |          | 0 / 0    |
| sm_wei<1>                          | IOB              | OUTPUT    | LVCMOS25             |       | 12       | SLOW |              |          | 0 / 0    |
| sm_wei<2>                          | IOB              | OUTPUT    | LVCMOS25             |       | 12       | SLOW |              |          | 0 / 0    |
| sm_wei<3>                          | IOB              | OUTPUT    | LVCMOS25             |       | 12       | SLOW |              |          | 0 / 0    |
| sportsman                          | IBUF             | INPUT     | LVCMOS25             |       |          |      |              |          | 0 / 0    |
| timeout                            | IOB              | OUTPUT    | LVCMOS25             |       | 12       | SLOW |              |          | 0 / 0    |
+---------------------------------------------------------------------------------------------------------------------------------------------------------+

Section 7 - RPMs
----------------
XLXI_172_XLXI_18_XLXI_1_4               
XLXI_172_XLXI_1_XLXI_1_4                
XLXI_172_XLXI_21_XLXI_1_4               
XLXI_172_XLXI_22_XLXI_1_4               
XLXI_172_XLXI_2_XLXI_1_4                
XLXI_172_XLXI_30_XLXI_1_4               
XLXI_172_XLXI_4_XLXI_1_4                
XLXI_278_7                              
XLXI_282_5                              
XLXI_289_6                              
XLXI_325_8                              

Section 8 - Guide Report
------------------------
Guide not run on this design.

Section 9 - Area Group and Partition Summary
--------------------------------------------

Partition Implementation Status
-------------------------------

  No Partitions were found in this design.

-------------------------------

Area Group Information
----------------------

  No area groups were found in this design.

----------------------

Section 10 - Timing Report
--------------------------
This design was not run using timing mode.

Section 11 - Configuration String Details
-----------------------------------------
Use the "-detail" map option to print out Configuration Strings

Section 12 - Control Set Information
------------------------------------
No control set information for this architecture.

Section 13 - Utilization by Hierarchy
-------------------------------------
Use the "-detail" map option to print out the Utilization by Hierarchy section.
