--------------------------------------------------------------------------------
Release 14.7 Trace  (nt64)
Copyright (c) 1995-2013 Xilinx, Inc.  All rights reserved.

D:\Xilinx\14.7\ISE_DS\ISE\bin\nt64\unwrapped\trce.exe -intstyle ise -v 3 -s 4
-n 3 -fastpaths -xml stopwatch_sportsman_Sche.twx stopwatch_sportsman_Sche.ncd
-o stopwatch_sportsman_Sche.twr stopwatch_sportsman_Sche.pcf -ucf
stopwatch_sportsman_Sche.ucf

Design file:              stopwatch_sportsman_Sche.ncd
Physical constraint file: stopwatch_sportsman_Sche.pcf
Device,package,speed:     xc3s100e,cp132,-4 (PRODUCTION 1.27 2013-10-13)
Report level:             verbose report

Environment Variable      Effect 
--------------------      ------ 
NONE                      No environment variables were set
--------------------------------------------------------------------------------

INFO:Timing:2698 - No timing constraints found, doing default enumeration.
INFO:Timing:3412 - To improve timing, see the Timing Closure User Guide (UG612).
INFO:Timing:2752 - To get complete path coverage, use the unconstrained paths 
   option. All paths that are not constrained will be reported in the 
   unconstrained paths section(s) of the report.
INFO:Timing:3339 - The clock-to-out numbers in this timing report are based on 
   a 50 Ohm transmission line loading model.  For the details of this model, 
   and for more information on accounting for different loading conditions, 
   please see the device datasheet.
INFO:Timing:3390 - This architecture does not support a default System Jitter 
   value, please add SYSTEM_JITTER constraint to the UCF to modify the Clock 
   Uncertainty calculation.
INFO:Timing:3389 - This architecture does not support 'Discrete Jitter' and 
   'Phase Error' calculations, these terms will be zero in the Clock 
   Uncertainty calculation.  Please make appropriate modification to 
   SYSTEM_JITTER to account for the unsupported Discrete Jitter and Phase 
   Error.



Data Sheet report:
-----------------
All values displayed in nanoseconds (ns)

Setup/Hold to clock clk_50MHz
------------+------------+------------+------------------+--------+
            |Max Setup to|Max Hold to |                  | Clock  |
Source      | clk (edge) | clk (edge) |Internal Clock(s) | Phase  |
------------+------------+------------+------------------+--------+
judge       |    2.058(R)|    0.107(R)|clk_50MHz_BUFGP   |   0.000|
reset       |    3.162(R)|   -0.345(R)|clk_50MHz_BUFGP   |   0.000|
sportsman   |    2.907(R)|    0.137(R)|clk_50MHz_BUFGP   |   0.000|
------------+------------+------------+------------------+--------+

Clock clk_50MHz to Pad
------------+------------+------------------+--------+
            | clk (edge) |                  | Clock  |
Destination |   to PAD   |Internal Clock(s) | Phase  |
------------+------------+------------------+--------+
CE0         |    9.933(R)|clk_50MHz_BUFGP   |   0.000|
foul        |   10.023(R)|clk_50MHz_BUFGP   |   0.000|
sm_duan<0>  |   10.853(R)|clk_50MHz_BUFGP   |   0.000|
sm_duan<1>  |   11.006(R)|clk_50MHz_BUFGP   |   0.000|
sm_duan<2>  |   11.507(R)|clk_50MHz_BUFGP   |   0.000|
sm_duan<3>  |   11.275(R)|clk_50MHz_BUFGP   |   0.000|
sm_duan<4>  |   10.669(R)|clk_50MHz_BUFGP   |   0.000|
sm_duan<5>  |   10.825(R)|clk_50MHz_BUFGP   |   0.000|
sm_duan<6>  |   11.404(R)|clk_50MHz_BUFGP   |   0.000|
sm_duan<7>  |   11.359(R)|clk_50MHz_BUFGP   |   0.000|
timeout     |    9.188(R)|clk_50MHz_BUFGP   |   0.000|
------------+------------+------------------+--------+

Clock to Setup on destination clock clk_50MHz
---------------+---------+---------+---------+---------+
               | Src:Rise| Src:Fall| Src:Rise| Src:Fall|
Source Clock   |Dest:Rise|Dest:Rise|Dest:Fall|Dest:Fall|
---------------+---------+---------+---------+---------+
clk_50MHz      |    2.971|         |         |         |
---------------+---------+---------+---------+---------+


Analysis completed Fri Nov 24 10:03:35 2017 
--------------------------------------------------------------------------------

Trace Settings:
-------------------------
Trace Settings 

Peak Memory Usage: 152 MB



