--------------------------------------------------------------------------------
Release 14.7 Trace  (nt64)
Copyright (c) 1995-2013 Xilinx, Inc.  All rights reserved.

D:\Xilinx\14.7\ISE_DS\ISE\bin\nt64\unwrapped\trce.exe -intstyle ise -v 3 -s 4
-n 3 -fastpaths -xml BCD_7_Sche.twx BCD_7_Sche.ncd -o BCD_7_Sche.twr
BCD_7_Sche.pcf

Design file:              BCD_7_Sche.ncd
Physical constraint file: BCD_7_Sche.pcf
Device,package,speed:     xc3s100e,cp132,-4 (PRODUCTION 1.27 2013-10-13)
Report level:             verbose report

Environment Variable      Effect 
--------------------      ------ 
NONE                      No environment variables were set
--------------------------------------------------------------------------------

INFO:Timing:2698 - No timing constraints found, doing default enumeration.
INFO:Timing:3412 - To improve timing, see the Timing Closure User Guide (UG612).
INFO:Timing:2752 - To get complete path coverage, use the unconstrained paths 
   option. All paths that are not constrained will be reported in the 
   unconstrained paths section(s) of the report.
INFO:Timing:3339 - The clock-to-out numbers in this timing report are based on 
   a 50 Ohm transmission line loading model.  For the details of this model, 
   and for more information on accounting for different loading conditions, 
   please see the device datasheet.
INFO:Timing:3390 - This architecture does not support a default System Jitter 
   value, please add SYSTEM_JITTER constraint to the UCF to modify the Clock 
   Uncertainty calculation.
INFO:Timing:3389 - This architecture does not support 'Discrete Jitter' and 
   'Phase Error' calculations, these terms will be zero in the Clock 
   Uncertainty calculation.  Please make appropriate modification to 
   SYSTEM_JITTER to account for the unsupported Discrete Jitter and Phase 
   Error.



Data Sheet report:
-----------------
All values displayed in nanoseconds (ns)

Pad to Pad
---------------+---------------+---------+
Source Pad     |Destination Pad|  Delay  |
---------------+---------------+---------+
A0             |a              |    6.112|
A0             |b              |    6.917|
A0             |c              |    6.657|
A0             |d              |    7.838|
A0             |e              |    6.409|
A0             |f              |    8.385|
A0             |g              |    6.129|
A1             |a              |    6.631|
A1             |b              |    6.957|
A1             |c              |    7.115|
A1             |d              |    7.905|
A1             |e              |    6.898|
A1             |f              |    8.273|
A1             |g              |    6.675|
A2             |a              |    7.124|
A2             |b              |    6.575|
A2             |c              |    7.419|
A2             |d              |    7.465|
A2             |e              |    7.209|
A2             |f              |    8.000|
A2             |g              |    7.103|
A3             |a              |    6.481|
A3             |b              |    6.530|
A3             |c              |    6.703|
A3             |d              |    7.413|
A3             |f              |    7.791|
A3             |g              |    6.467|
---------------+---------------+---------+


Analysis completed Fri Nov 17 10:49:13 2017 
--------------------------------------------------------------------------------

Trace Settings:
-------------------------
Trace Settings 

Peak Memory Usage: 145 MB



