Running: D:\Xilinx\14.7\ISE_DS\ISE\bin\nt64\unwrapped\fuse.exe -intstyle ise -incremental -lib unisims_ver -lib unimacro_ver -lib xilinxcorelib_ver -o D:/ISE/BCD_7_Sche/BCD_7_Sche_BCD_7_Sche_sch_tb_isim_beh.exe -prj D:/ISE/BCD_7_Sche/BCD_7_Sche_BCD_7_Sche_sch_tb_beh.prj work.BCD_7_Sche_BCD_7_Sche_sch_tb work.glbl 
ISim P.20131013 (signature 0x7708f090)
Number of CPUs detected in this system: 4
Turning on mult-threading, number of parallel sub-compilation jobs: 8 
Determining compilation order of HDL files
Analyzing Verilog file "D:/ISE/BCD_7_Sche/BCD_7_Sche.vf" into library work
Analyzing Verilog file "D:/ISE/BCD_7_Sche/BCD_7_Sche.v" into library work
Analyzing Verilog file "D:/Xilinx/14.7/ISE_DS/ISE//verilog/src/glbl.v" into library work
Starting static elaboration
Completed static elaboration
Compiling module INV
Compiling module INV4_MXILINX_BCD_7_Sche
Compiling module AND3
Compiling module XOR2
Compiling module AND4
Compiling module OR3
Compiling module OR2
Compiling module AND2
Compiling module BCD_7_Sche
Compiling module BCD_7_Sche_BCD_7_Sche_sch_tb
Compiling module glbl
Time Resolution for simulation is 1ps.
Waiting for 4 sub-compilation(s) to finish...
Compiled 11 Verilog Units
Built simulation executable D:/ISE/BCD_7_Sche/BCD_7_Sche_BCD_7_Sche_sch_tb_isim_beh.exe
Fuse Memory Usage: 27320 KB
Fuse CPU Usage: 1091 ms
