--------------------------------------------------------------------------------
Release 14.7 Trace  (nt64)
Copyright (c) 1995-2013 Xilinx, Inc.  All rights reserved.

D:\Xilinx\14.7\ISE_DS\ISE\bin\nt64\unwrapped\trce.exe -intstyle ise -v 3 -s 4
-n 3 -fastpaths -xml Comparator.twx Comparator.ncd -o Comparator.twr
Comparator.pcf -ucf Comparator.ucf

Design file:              Comparator.ncd
Physical constraint file: Comparator.pcf
Device,package,speed:     xc3s100e,cp132,-4 (PRODUCTION 1.27 2013-10-13)
Report level:             verbose report

Environment Variable      Effect 
--------------------      ------ 
NONE                      No environment variables were set
--------------------------------------------------------------------------------

INFO:Timing:2698 - No timing constraints found, doing default enumeration.
INFO:Timing:3412 - To improve timing, see the Timing Closure User Guide (UG612).
INFO:Timing:2752 - To get complete path coverage, use the unconstrained paths 
   option. All paths that are not constrained will be reported in the 
   unconstrained paths section(s) of the report.
INFO:Timing:3339 - The clock-to-out numbers in this timing report are based on 
   a 50 Ohm transmission line loading model.  For the details of this model, 
   and for more information on accounting for different loading conditions, 
   please see the device datasheet.
INFO:Timing:3390 - This architecture does not support a default System Jitter 
   value, please add SYSTEM_JITTER constraint to the UCF to modify the Clock 
   Uncertainty calculation.
INFO:Timing:3389 - This architecture does not support 'Discrete Jitter' and 
   'Phase Error' calculations, these terms will be zero in the Clock 
   Uncertainty calculation.  Please make appropriate modification to 
   SYSTEM_JITTER to account for the unsupported Discrete Jitter and Phase 
   Error.



Data Sheet report:
-----------------
All values displayed in nanoseconds (ns)

Pad to Pad
---------------+---------------+---------+
Source Pad     |Destination Pad|  Delay  |
---------------+---------------+---------+
A<0>           |led<2>         |    8.868|
A<0>           |led<4>         |    8.891|
A<1>           |led<2>         |   10.421|
A<1>           |led<4>         |   10.444|
A<2>           |led<2>         |   10.223|
A<2>           |led<4>         |   10.246|
A<3>           |led<2>         |    8.719|
A<3>           |led<4>         |    8.352|
B<0>           |led<2>         |    9.223|
B<0>           |led<4>         |    9.246|
B<1>           |led<2>         |   10.430|
B<1>           |led<4>         |   10.453|
B<2>           |led<2>         |   10.031|
B<2>           |led<4>         |   10.054|
B<3>           |led<2>         |    8.320|
B<3>           |led<4>         |    8.343|
---------------+---------------+---------+


Analysis completed Fri Oct 13 11:51:15 2017 
--------------------------------------------------------------------------------

Trace Settings:
-------------------------
Trace Settings 

Peak Memory Usage: 146 MB



