Release 14.7 Map P.20131013 (nt64)
Xilinx Mapping Report File for Design 'traffic_light'

Design Information
------------------
Command Line   : map -intstyle ise -p xc3s100e-cp132-4 -cm area -detail -ir off
-pr off -c 100 -o traffic_light_map.ncd traffic_light.ngd traffic_light.pcf 
Target Device  : xc3s100e
Target Package : cp132
Target Speed   : -4
Mapper Version : spartan3e -- $Revision: 1.55 $
Mapped Date    : Sat Nov 11 17:30:30 2017

Design Summary
--------------
Number of errors:      0
Number of warnings:    0
Logic Utilization:
  Number of Slice Flip Flops:            78 out of   1,920    4%
  Number of 4 input LUTs:                60 out of   1,920    3%
Logic Distribution:
  Number of occupied Slices:             66 out of     960    6%
    Number of Slices containing only related logic:      66 out of      66 100%
    Number of Slices containing unrelated logic:          0 out of      66   0%
      *See NOTES below for an explanation of the effects of unrelated logic.
  Total Number of 4 input LUTs:         122 out of   1,920    6%
    Number used as logic:                60
    Number used as a route-thru:         62

  The Slice Logic Distribution report is not meaningful if the design is
  over-mapped for a non-slice resource or if Placement fails.

  Number of bonded IOBs:                 39 out of      83   46%
  Number of BUFGMUXs:                     1 out of      24    4%

Average Fanout of Non-Clock Nets:                2.73

Peak Memory Usage:  249 MB
Total REAL time to MAP completion:  1 secs 
Total CPU time to MAP completion:   1 secs 

NOTES:

   Related logic is defined as being logic that shares connectivity - e.g. two
   LUTs are "related" if they share common inputs.  When assembling slices,
   Map gives priority to combine logic that is related.  Doing so results in
   the best timing performance.

   Unrelated logic shares no connectivity.  Map will only begin packing
   unrelated logic into a slice once 99% of the slices are occupied through
   related logic packing.

   Note that once logic distribution reaches the 99% level through related
   logic packing, this does not mean the device is completely utilized.
   Unrelated logic packing will then begin, continuing until all usable LUTs
   and FFs are occupied.  Depending on your timing budget, increased levels of
   unrelated logic packing may adversely affect the overall timing performance
   of your design.

Table of Contents
-----------------
Section 1 - Errors
Section 2 - Warnings
Section 3 - Informational
Section 4 - Removed Logic Summary
Section 5 - Removed Logic
Section 6 - IOB Properties
Section 7 - RPMs
Section 8 - Guide Report
Section 9 - Area Group and Partition Summary
Section 10 - Timing Report
Section 11 - Configuration String Information
Section 12 - Control Set Information
Section 13 - Utilization by Hierarchy

Section 1 - Errors
------------------

Section 2 - Warnings
--------------------
WARNING:Security:42 - Your software subscription period has lapsed. Your current
version of Xilinx tools will continue to function, but you no longer qualify for
Xilinx software updates or new releases.

Section 3 - Informational
-------------------------
INFO:Security:54 - 'xc3s100e' is a WebPack part.
INFO:MapLib:562 - No environment variables are currently set.
INFO:LIT:244 - All of the single ended outputs in this design are using slew
   rate limited output drivers. The delay on speed critical single ended outputs
   can be dramatically reduced by designating them as fast outputs.

Section 4 - Removed Logic Summary
---------------------------------
   2 block(s) optimized away
  69 Block(s) redundant

Section 5 - Removed Logic
-------------------------

Optimized Block(s):
TYPE 		BLOCK
GND 		XST_GND
VCC 		XST_VCC

Redundant Block(s):
TYPE 		BLOCK
LOCALBUF 		U0/timer_mux0000<3>11/LUT2_D_BUF
LOCALBUF 		U0/timer_mux0000<6>21/LUT4_D_BUF
LOCALBUF 		U0/timer_mux0000<4>11/LUT4_D_BUF
LOCALBUF 		U0/timer_mux0000<3>28_SW0/LUT4_L_BUF
LUT1 		Mcount_clk_count_cy<1>_rt
LUT1 		Mcount_clk_count_cy<2>_rt
LUT1 		Mcount_clk_count_cy<3>_rt
LUT1 		Mcount_clk_count_cy<4>_rt
LUT1 		Mcount_clk_count_cy<5>_rt
LUT1 		Mcount_clk_count_cy<6>_rt
LUT1 		Mcount_clk_count_cy<7>_rt
LUT1 		Mcount_clk_count_cy<8>_rt
LUT1 		Mcount_clk_count_cy<9>_rt
LUT1 		Mcount_clk_count_cy<10>_rt
LUT1 		Mcount_clk_count_cy<11>_rt
LUT1 		Mcount_clk_count_cy<12>_rt
LUT1 		Mcount_clk_count_cy<13>_rt
LUT1 		Mcount_clk_count_cy<14>_rt
LUT1 		Mcount_clk_count_cy<15>_rt
LUT1 		Mcount_clk_count_cy<16>_rt
LUT1 		Mcount_clk_count_cy<17>_rt
LUT1 		Mcount_clk_count_cy<18>_rt
LUT1 		Mcount_clk_count_cy<19>_rt
LUT1 		Mcount_clk_count_cy<20>_rt
LUT1 		Mcount_clk_count_cy<21>_rt
LUT1 		Mcount_clk_count_cy<22>_rt
LUT1 		Mcount_clk_count_cy<23>_rt
LUT1 		Mcount_clk_count_cy<24>_rt
LUT1 		Mcount_clk_count_cy<25>_rt
LUT1 		Mcount_clk_count_cy<26>_rt
LUT1 		Mcount_clk_count_cy<27>_rt
LUT1 		Mcount_clk_count_cy<28>_rt
LUT1 		Mcount_clk_count_cy<29>_rt
LUT1 		Mcount_clk_count_cy<30>_rt
LUT1 		U1/Mcount_clk_cnt_cy<30>_rt
LUT1 		U1/Mcount_clk_cnt_cy<29>_rt
LUT1 		U1/Mcount_clk_cnt_cy<28>_rt
LUT1 		U1/Mcount_clk_cnt_cy<27>_rt
LUT1 		U1/Mcount_clk_cnt_cy<26>_rt
LUT1 		U1/Mcount_clk_cnt_cy<25>_rt
LUT1 		U1/Mcount_clk_cnt_cy<24>_rt
LUT1 		U1/Mcount_clk_cnt_cy<23>_rt
LUT1 		U1/Mcount_clk_cnt_cy<22>_rt
LUT1 		U1/Mcount_clk_cnt_cy<21>_rt
LUT1 		U1/Mcount_clk_cnt_cy<20>_rt
LUT1 		U1/Mcount_clk_cnt_cy<19>_rt
LUT1 		U1/Mcount_clk_cnt_cy<18>_rt
LUT1 		U1/Mcount_clk_cnt_cy<17>_rt
LUT1 		U1/Mcount_clk_cnt_cy<16>_rt
LUT1 		U1/Mcount_clk_cnt_cy<15>_rt
LUT1 		U1/Mcount_clk_cnt_cy<14>_rt
LUT1 		U1/Mcount_clk_cnt_cy<13>_rt
LUT1 		U1/Mcount_clk_cnt_cy<12>_rt
LUT1 		U1/Mcount_clk_cnt_cy<11>_rt
LUT1 		U1/Mcount_clk_cnt_cy<10>_rt
LUT1 		U1/Mcount_clk_cnt_cy<9>_rt
LUT1 		U1/Mcount_clk_cnt_cy<8>_rt
LUT1 		U1/Mcount_clk_cnt_cy<7>_rt
LUT1 		U1/Mcount_clk_cnt_cy<6>_rt
LUT1 		U1/Mcount_clk_cnt_cy<5>_rt
LUT1 		U1/Mcount_clk_cnt_cy<4>_rt
LUT1 		U1/Mcount_clk_cnt_cy<3>_rt
LUT1 		U1/Mcount_clk_cnt_cy<2>_rt
LUT1 		U1/Mcount_clk_cnt_cy<1>_rt
LUT1 		Mcount_clk_count_xor<31>_rt
LUT1 		U1/Mcount_clk_cnt_xor<31>_rt
INV 		U0/light_2_not00001_INV_0
INV 		clk_1Hz_not00011_INV_0
INV 		U1/clk_400Hz_not00011_INV_0

Section 6 - IOB Properties
--------------------------

+---------------------------------------------------------------------------------------------------------------------------------------------------------+
| IOB Name                           | Type             | Direction | IO Standard          | Diff  | Drive    | Slew | Reg (s)      | Resistor | IOB      |
|                                    |                  |           |                      | Term  | Strength | Rate |              |          | Delay    |
+---------------------------------------------------------------------------------------------------------------------------------------------------------+
| clk_1Hz                            | IOB              | OUTPUT    | LVCMOS25             |       | 12       | SLOW |              |          | 0 / 0    |
| clk_50MHz                          | IBUF             | INPUT     | LVCMOS25             |       |          |      |              |          | 0 / 0    |
| flashlight0                        | IOB              | OUTPUT    | LVCMOS25             |       | 12       | SLOW |              |          | 0 / 0    |
| flashlight3                        | IOB              | OUTPUT    | LVCMOS25             |       | 12       | SLOW |              |          | 0 / 0    |
| light<0>                           | IOB              | OUTPUT    | LVCMOS25             |       | 12       | SLOW |              |          | 0 / 0    |
| light<1>                           | IOB              | OUTPUT    | LVCMOS25             |       | 12       | SLOW |              |          | 0 / 0    |
| light<2>                           | IOB              | OUTPUT    | LVCMOS25             |       | 12       | SLOW |              |          | 0 / 0    |
| light<3>                           | IOB              | OUTPUT    | LVCMOS25             |       | 12       | SLOW |              |          | 0 / 0    |
| light<4>                           | IOB              | OUTPUT    | LVCMOS25             |       | 12       | SLOW |              |          | 0 / 0    |
| light<5>                           | IOB              | OUTPUT    | LVCMOS25             |       | 12       | SLOW |              |          | 0 / 0    |
| reset                              | IBUF             | INPUT     | LVCMOS25             |       |          |      |              |          | 0 / 0    |
| sm_duan<0>                         | IOB              | OUTPUT    | LVCMOS25             |       | 12       | SLOW |              |          | 0 / 0    |
| sm_duan<1>                         | IOB              | OUTPUT    | LVCMOS25             |       | 12       | SLOW |              |          | 0 / 0    |
| sm_duan<2>                         | IOB              | OUTPUT    | LVCMOS25             |       | 12       | SLOW |              |          | 0 / 0    |
| sm_duan<3>                         | IOB              | OUTPUT    | LVCMOS25             |       | 12       | SLOW |              |          | 0 / 0    |
| sm_duan<4>                         | IOB              | OUTPUT    | LVCMOS25             |       | 12       | SLOW |              |          | 0 / 0    |
| sm_duan<5>                         | IOB              | OUTPUT    | LVCMOS25             |       | 12       | SLOW |              |          | 0 / 0    |
| sm_duan<6>                         | IOB              | OUTPUT    | LVCMOS25             |       | 12       | SLOW |              |          | 0 / 0    |
| sm_duan<7>                         | IOB              | OUTPUT    | LVCMOS25             |       | 12       | SLOW |              |          | 0 / 0    |
| sm_wei<0>                          | IOB              | OUTPUT    | LVCMOS25             |       | 12       | SLOW |              |          | 0 / 0    |
| sm_wei<1>                          | IOB              | OUTPUT    | LVCMOS25             |       | 12       | SLOW |              |          | 0 / 0    |
| sm_wei<2>                          | IOB              | OUTPUT    | LVCMOS25             |       | 12       | SLOW |              |          | 0 / 0    |
| sm_wei<3>                          | IOB              | OUTPUT    | LVCMOS25             |       | 12       | SLOW |              |          | 0 / 0    |
| total_state<0>                     | IOB              | OUTPUT    | LVCMOS25             |       | 12       | SLOW |              |          | 0 / 0    |
| total_state<1>                     | IOB              | OUTPUT    | LVCMOS25             |       | 12       | SLOW |              |          | 0 / 0    |
| total_state<2>                     | IOB              | OUTPUT    | LVCMOS25             |       | 12       | SLOW |              |          | 0 / 0    |
| total_state<3>                     | IOB              | OUTPUT    | LVCMOS25             |       | 12       | SLOW |              |          | 0 / 0    |
| total_state<4>                     | IOB              | OUTPUT    | LVCMOS25             |       | 12       | SLOW |              |          | 0 / 0    |
| total_state<5>                     | IOB              | OUTPUT    | LVCMOS25             |       | 12       | SLOW |              |          | 0 / 0    |
| total_state<6>                     | IOB              | OUTPUT    | LVCMOS25             |       | 12       | SLOW |              |          | 0 / 0    |
| total_state<7>                     | IOB              | OUTPUT    | LVCMOS25             |       | 12       | SLOW |              |          | 0 / 0    |
| total_state<8>                     | IOB              | OUTPUT    | LVCMOS25             |       | 12       | SLOW |              |          | 0 / 0    |
| total_state<9>                     | IOB              | OUTPUT    | LVCMOS25             |       | 12       | SLOW |              |          | 0 / 0    |
| total_state<10>                    | IOB              | OUTPUT    | LVCMOS25             |       | 12       | SLOW |              |          | 0 / 0    |
| total_state<11>                    | IOB              | OUTPUT    | LVCMOS25             |       | 12       | SLOW |              |          | 0 / 0    |
| total_state<12>                    | IOB              | OUTPUT    | LVCMOS25             |       | 12       | SLOW |              |          | 0 / 0    |
| total_state<13>                    | IOB              | OUTPUT    | LVCMOS25             |       | 12       | SLOW |              |          | 0 / 0    |
| total_state<14>                    | IOB              | OUTPUT    | LVCMOS25             |       | 12       | SLOW |              |          | 0 / 0    |
| total_state<15>                    | IOB              | OUTPUT    | LVCMOS25             |       | 12       | SLOW |              |          | 0 / 0    |
+---------------------------------------------------------------------------------------------------------------------------------------------------------+

Section 7 - RPMs
----------------

Section 8 - Guide Report
------------------------
Guide not run on this design.

Section 9 - Area Group and Partition Summary
--------------------------------------------

Partition Implementation Status
-------------------------------

  No Partitions were found in this design.

-------------------------------

Area Group Information
----------------------

  No area groups were found in this design.

----------------------

Section 10 - Timing Report
--------------------------
This design was not run using timing mode.

Section 11 - Configuration String Details
-----------------------------------------
BUFGMUX "clk_50MHz_BUFGP/BUFG":
DISABLE_ATTR:LOW




Section 12 - Control Set Information
------------------------------------
No control set information for this architecture.

Section 13 - Utilization by Hierarchy
-------------------------------------
+-------------------------------------------------------------------------------------------------------------------------------------------------------------+
| Module             | Partition | Slices        | Slice Reg     | LUTs          | LUTRAM        | BRAM      | MULT18X18 | BUFG  | DCM   | Full Hierarchical  |
+-------------------------------------------------------------------------------------------------------------------------------------------------------------+
| traffic_light/     |           | 24/68         | 33/78         | 44/120        | 0/0           | 0/0       | 0/0       | 1/1   | 0/0   | traffic_light      |
| +U0                |           | 11/11         | 8/8           | 19/19         | 0/0           | 0/0       | 0/0       | 0/0   | 0/0   | traffic_light/U0   |
| +U1                |           | 33/33         | 37/37         | 57/57         | 0/0           | 0/0       | 0/0       | 0/0   | 0/0   | traffic_light/U1   |
+-------------------------------------------------------------------------------------------------------------------------------------------------------------+

* Slices can be packed with basic elements from multiple hierarchies.
  Therefore, a slice will be counted in every hierarchical module
  that each of its packed basic elements belong to.
** For each column, there are two numbers reported <A>/<B>.
   <A> is the number of elements that belong to that specific hierarchical module.
   <B> is the total number of elements from that hierarchical module and any lower level
   hierarchical modules below.
*** The LUTRAM column counts all LUTs used as memory including RAM, ROM, and shift registers.
